# JRE version: OpenJDK Runtime Environment (8.0_112-b03) (build 1.8.0_112-release-287-b3)
# Java VM: OpenJDK 64-Bit Server VM (25.112-b3 mixed mode linux-amd64 compressed oops)
Heap:
 par new generation   total 39296K, used 34513K [0x00000000d1200000, 0x00000000d3ca0000, 0x00000000e0c00000)
  eden space 34944K,  86% used [0x00000000d1200000, 0x00000000d2f74558, 0x00000000d3420000)
  from space 4352K, 100% used [0x00000000d3860000, 0x00000000d3ca0000, 0x00000000d3ca0000)
  to   space 4352K,   0% used [0x00000000d3420000, 0x00000000d3420000, 0x00000000d3860000)
 concurrent mark-sweep generation total 87424K, used 54923K [0x00000000e0c00000, 0x00000000e6160000, 0x0000000100000000)
 Metaspace       used 102395K, capacity 107694K, committed 107888K, reserved 1142784K
  class space    used 14183K, capacity 15522K, committed 15592K, reserved 1048576K
GC Heap History (10 events):
Event: 25.838 GC heap before
{Heap before GC invocations=14 (full 2):
 par new generation   total 39296K, used 38356K [0x00000000d1200000, 0x00000000d3ca0000, 0x00000000e0c00000)
  eden space 34944K, 100% used [0x00000000d1200000, 0x00000000d3420000, 0x00000000d3420000)
  from space 4352K,  78% used [0x00000000d3420000, 0x00000000d3775008, 0x00000000d3860000)
  to   space 4352K,   0% used [0x00000000d3860000, 0x00000000d3860000, 0x00000000d3ca0000)
 concurrent mark-sweep generation total 87424K, used 44545K [0x00000000e0c00000, 0x00000000e6160000, 0x0000000100000000)
 Metaspace       used 88506K, capacity 92991K, committed 93128K, reserved 1128448K
  class space    used 12307K, capacity 13476K, committed 13572K, reserved 1048576K
Event: 25.844 GC heap after
Heap after GC invocations=15 (full 2):
 par new generation   total 39296K, used 3345K [0x00000000d1200000, 0x00000000d3ca0000, 0x00000000e0c00000)
  eden space 34944K,   0% used [0x00000000d1200000, 0x00000000d1200000, 0x00000000d3420000)
  from space 4352K,  76% used [0x00000000d3860000, 0x00000000d3ba4658, 0x00000000d3ca0000)
  to   space 4352K,   0% used [0x00000000d3420000, 0x00000000d3420000, 0x00000000d3860000)
 concurrent mark-sweep generation total 87424K, used 44545K [0x00000000e0c00000, 0x00000000e6160000, 0x0000000100000000)
 Metaspace       used 88506K, capacity 92991K, committed 93128K, reserved 1128448K
  class space    used 12307K, capacity 13476K, committed 13572K, reserved 1048576K
}
Event: 28.437 GC heap before
{Heap before GC invocations=15 (full 2):
 par new generation   total 39296K, used 38289K [0x00000000d1200000, 0x00000000d3ca0000, 0x00000000e0c00000)
  eden space 34944K, 100% used [0x00000000d1200000, 0x00000000d3420000, 0x00000000d3420000)
  from space 4352K,  76% used [0x00000000d3860000, 0x00000000d3ba4658, 0x00000000d3ca0000)
  to   space 4352K,   0% used [0x00000000d3420000, 0x00000000d3420000, 0x00000000d3860000)
 concurrent mark-sweep generation total 87424K, used 44545K [0x00000000e0c00000, 0x00000000e6160000, 0x0000000100000000)
 Metaspace       used 94095K, capacity 99143K, committed 99272K, reserved 1134592K
  class space    used 13034K, capacity 14285K, committed 14340K, reserved 1048576K
Event: 28.453 GC heap after
Heap after GC invocations=16 (full 2):
 par new generation   total 39296K, used 4352K [0x00000000d1200000, 0x00000000d3ca0000, 0x00000000e0c00000)
  eden space 34944K,   0% used [0x00000000d1200000, 0x00000000d1200000, 0x00000000d3420000)
  from space 4352K, 100% used [0x00000000d3420000, 0x00000000d3860000, 0x00000000d3860000)
  to   space 4352K,   0% used [0x00000000d3860000, 0x00000000d3860000, 0x00000000d3ca0000)
 concurrent mark-sweep generation total 87424K, used 46871K [0x00000000e0c00000, 0x00000000e6160000, 0x0000000100000000)
 Metaspace       used 94095K, capacity 99143K, committed 99272K, reserved 1134592K
  class space    used 13034K, capacity 14285K, committed 14340K, reserved 1048576K
}
Event: 29.359 GC heap before
{Heap before GC invocations=16 (full 2):
 par new generation   total 39296K, used 39296K [0x00000000d1200000, 0x00000000d3ca0000, 0x00000000e0c00000)
  eden space 34944K, 100% used [0x00000000d1200000, 0x00000000d3420000, 0x00000000d3420000)
  from space 4352K, 100% used [0x00000000d3420000, 0x00000000d3860000, 0x00000000d3860000)
  to   space 4352K,   0% used [0x00000000d3860000, 0x00000000d3860000, 0x00000000d3ca0000)
 concurrent mark-sweep generation total 87424K, used 46871K [0x00000000e0c00000, 0x00000000e6160000, 0x0000000100000000)
 Metaspace       used 97133K, capacity 102166K, committed 102408K, reserved 1136640K
  class space    used 13532K, capacity 14751K, committed 14824K, reserved 1048576K
Event: 29.379 GC heap after
Heap after GC invocations=17 (full 2):
 par new generation   total 39296K, used 4352K [0x00000000d1200000, 0x00000000d3ca0000, 0x00000000e0c00000)
  eden space 34944K,   0% used [0x00000000d1200000, 0x00000000d1200000, 0x00000000d3420000)
  from space 4352K, 100% used [0x00000000d3860000, 0x00000000d3ca0000, 0x00000000d3ca0000)
  to   space 4352K,   0% used [0x00000000d3420000, 0x00000000d3420000, 0x00000000d3860000)
 concurrent mark-sweep generation total 87424K, used 53625K [0x00000000e0c00000, 0x00000000e6160000, 0x0000000100000000)
 Metaspace       used 97133K, capacity 102166K, committed 102408K, reserved 1136640K
  class space    used 13532K, capacity 14751K, committed 14824K, reserved 1048576K
}
Event: 31.288 GC heap before
{Heap before GC invocations=17 (full 3):
 par new generation   total 39296K, used 39296K [0x00000000d1200000, 0x00000000d3ca0000, 0x00000000e0c00000)
  eden space 34944K, 100% used [0x00000000d1200000, 0x00000000d3420000, 0x00000000d3420000)
  from space 4352K, 100% used [0x00000000d3860000, 0x00000000d3ca0000, 0x00000000d3ca0000)
  to   space 4352K,   0% used [0x00000000d3420000, 0x00000000d3420000, 0x00000000d3860000)
 concurrent mark-sweep generation total 87424K, used 47814K [0x00000000e0c00000, 0x00000000e6160000, 0x0000000100000000)
 Metaspace       used 100905K, capacity 106102K, committed 106224K, reserved 1140736K
  class space    used 14074K, capacity 15394K, committed 15464K, reserved 1048576K
Event: 31.298 GC heap after
Heap after GC invocations=18 (full 3):
 par new generation   total 39296K, used 4352K [0x00000000d1200000, 0x00000000d3ca0000, 0x00000000e0c00000)
  eden space 34944K,   0% used [0x00000000d1200000, 0x00000000d1200000, 0x00000000d3420000)
  from space 4352K, 100% used [0x00000000d3420000, 0x00000000d3860000, 0x00000000d3860000)
  to   space 4352K,   0% used [0x00000000d3860000, 0x00000000d3860000, 0x00000000d3ca0000)
 concurrent mark-sweep generation total 87424K, used 51849K [0x00000000e0c00000, 0x00000000e6160000, 0x0000000100000000)
 Metaspace       used 100905K, capacity 106102K, committed 106224K, reserved 1140736K
  class space    used 14074K, capacity 15394K, committed 15464K, reserved 1048576K
}
Event: 659.992 GC heap before
{Heap before GC invocations=18 (full 3):
 par new generation   total 39296K, used 39296K [0x00000000d1200000, 0x00000000d3ca0000, 0x00000000e0c00000)
  eden space 34944K, 100% used [0x00000000d1200000, 0x00000000d3420000, 0x00000000d3420000)
  from space 4352K, 100% used [0x00000000d3420000, 0x00000000d3860000, 0x00000000d3860000)
  to   space 4352K,   0% used [0x00000000d3860000, 0x00000000d3860000, 0x00000000d3ca0000)
 concurrent mark-sweep generation total 87424K, used 51849K [0x00000000e0c00000, 0x00000000e6160000, 0x0000000100000000)
 Metaspace       used 102210K, capacity 107490K, committed 107632K, reserved 1140736K
  class space    used 14182K, capacity 15522K, committed 15592K, reserved 1048576K
Event: 660.002 GC heap after
Heap after GC invocations=19 (full 3):
 par new generation   total 39296K, used 4352K [0x00000000d1200000, 0x00000000d3ca0000, 0x00000000e0c00000)
  eden space 34944K,   0% used [0x00000000d1200000, 0x00000000d1200000, 0x00000000d3420000)
  from space 4352K, 100% used [0x00000000d3860000, 0x00000000d3ca0000, 0x00000000d3ca0000)
  to   space 4352K,   0% used [0x00000000d3420000, 0x00000000d3420000, 0x00000000d3860000)
 concurrent mark-sweep generation total 87424K, used 54923K [0x00000000e0c00000, 0x00000000e6160000, 0x0000000100000000)
 Metaspace       used 102210K, capacity 107490K, committed 107632K, reserved 1140736K
  class space    used 14182K, capacity 15522K, committed 15592K, reserved 1048576K
}

