# JRE version: OpenJDK Runtime Environment (8.0_112-b03) (build 1.8.0_112-release-287-b3)
# Java VM: OpenJDK 64-Bit Server VM (25.112-b3 mixed mode linux-amd64 compressed oops)
Heap:
 par new generation   total 230400K, used 202018K [0x00000000d1200000, 0x00000000e0c00000, 0x00000000e0c00000)
  eden space 204800K,  90% used [0x00000000d1200000, 0x00000000dc7ff340, 0x00000000dda00000)
  from space 25600K,  61% used [0x00000000dda00000, 0x00000000de9495c0, 0x00000000df300000)
  to   space 25600K,   0% used [0x00000000df300000, 0x00000000df300000, 0x00000000e0c00000)
 concurrent mark-sweep generation total 512000K, used 427216K [0x00000000e0c00000, 0x0000000100000000, 0x0000000100000000)
 Metaspace       used 181444K, capacity 192060K, committed 192128K, reserved 1216512K
  class space    used 23641K, capacity 25760K, committed 25764K, reserved 1048576K
GC Heap History (10 events):
Event: 36037.670 GC heap before
{Heap before GC invocations=4590 (full 76):
 par new generation   total 230400K, used 220857K [0x00000000d1200000, 0x00000000e0c00000, 0x00000000e0c00000)
  eden space 204800K, 100% used [0x00000000d1200000, 0x00000000dda00000, 0x00000000dda00000)
  from space 25600K,  62% used [0x00000000df300000, 0x00000000e02ae710, 0x00000000e0c00000)
  to   space 25600K,   0% used [0x00000000dda00000, 0x00000000dda00000, 0x00000000df300000)
 concurrent mark-sweep generation total 512000K, used 425470K [0x00000000e0c00000, 0x0000000100000000, 0x0000000100000000)
 Metaspace       used 181354K, capacity 191850K, committed 191872K, reserved 1216512K
  class space    used 23638K, capacity 25757K, committed 25764K, reserved 1048576K
Event: 36037.681 GC heap after
Heap after GC invocations=4591 (full 76):
 par new generation   total 230400K, used 15531K [0x00000000d1200000, 0x00000000e0c00000, 0x00000000e0c00000)
  eden space 204800K,   0% used [0x00000000d1200000, 0x00000000d1200000, 0x00000000dda00000)
  from space 25600K,  60% used [0x00000000dda00000, 0x00000000de92ae58, 0x00000000df300000)
  to   space 25600K,   0% used [0x00000000df300000, 0x00000000df300000, 0x00000000e0c00000)
 concurrent mark-sweep generation total 512000K, used 425470K [0x00000000e0c00000, 0x0000000100000000, 0x0000000100000000)
 Metaspace       used 181354K, capacity 191850K, committed 191872K, reserved 1216512K
  class space    used 23638K, capacity 25757K, committed 25764K, reserved 1048576K
}
Event: 36066.561 GC heap before
{Heap before GC invocations=4591 (full 76):
 par new generation   total 230400K, used 220331K [0x00000000d1200000, 0x00000000e0c00000, 0x00000000e0c00000)
  eden space 204800K, 100% used [0x00000000d1200000, 0x00000000dda00000, 0x00000000dda00000)
  from space 25600K,  60% used [0x00000000dda00000, 0x00000000de92ae58, 0x00000000df300000)
  to   space 25600K,   0% used [0x00000000df300000, 0x00000000df300000, 0x00000000e0c00000)
 concurrent mark-sweep generation total 512000K, used 425470K [0x00000000e0c00000, 0x0000000100000000, 0x0000000100000000)
 Metaspace       used 181354K, capacity 191850K, committed 191872K, reserved 1216512K
  class space    used 23638K, capacity 25757K, committed 25764K, reserved 1048576K
Event: 36066.570 GC heap after
Heap after GC invocations=4592 (full 76):
 par new generation   total 230400K, used 16533K [0x00000000d1200000, 0x00000000e0c00000, 0x00000000e0c00000)
  eden space 204800K,   0% used [0x00000000d1200000, 0x00000000d1200000, 0x00000000dda00000)
  from space 25600K,  64% used [0x00000000df300000, 0x00000000e03256c8, 0x00000000e0c00000)
  to   space 25600K,   0% used [0x00000000dda00000, 0x00000000dda00000, 0x00000000df300000)
 concurrent mark-sweep generation total 512000K, used 425470K [0x00000000e0c00000, 0x0000000100000000, 0x0000000100000000)
 Metaspace       used 181354K, capacity 191850K, committed 191872K, reserved 1216512K
  class space    used 23638K, capacity 25757K, committed 25764K, reserved 1048576K
}
Event: 36076.937 GC heap before
{Heap before GC invocations=4592 (full 76):
 par new generation   total 230400K, used 221333K [0x00000000d1200000, 0x00000000e0c00000, 0x00000000e0c00000)
  eden space 204800K, 100% used [0x00000000d1200000, 0x00000000dda00000, 0x00000000dda00000)
  from space 25600K,  64% used [0x00000000df300000, 0x00000000e03256c8, 0x00000000e0c00000)
  to   space 25600K,   0% used [0x00000000dda00000, 0x00000000dda00000, 0x00000000df300000)
 concurrent mark-sweep generation total 512000K, used 425470K [0x00000000e0c00000, 0x0000000100000000, 0x0000000100000000)
 Metaspace       used 181364K, capacity 191914K, committed 192128K, reserved 1216512K
  class space    used 23638K, capacity 25757K, committed 25764K, reserved 1048576K
Event: 36076.950 GC heap after
Heap after GC invocations=4593 (full 76):
 par new generation   total 230400K, used 16010K [0x00000000d1200000, 0x00000000e0c00000, 0x00000000e0c00000)
  eden space 204800K,   0% used [0x00000000d1200000, 0x00000000d1200000, 0x00000000dda00000)
  from space 25600K,  62% used [0x00000000dda00000, 0x00000000de9a2ad8, 0x00000000df300000)
  to   space 25600K,   0% used [0x00000000df300000, 0x00000000df300000, 0x00000000e0c00000)
 concurrent mark-sweep generation total 512000K, used 425470K [0x00000000e0c00000, 0x0000000100000000, 0x0000000100000000)
 Metaspace       used 181364K, capacity 191914K, committed 192128K, reserved 1216512K
  class space    used 23638K, capacity 25757K, committed 25764K, reserved 1048576K
}
Event: 36085.265 GC heap before
{Heap before GC invocations=4593 (full 76):
 par new generation   total 230400K, used 220810K [0x00000000d1200000, 0x00000000e0c00000, 0x00000000e0c00000)
  eden space 204800K, 100% used [0x00000000d1200000, 0x00000000dda00000, 0x00000000dda00000)
  from space 25600K,  62% used [0x00000000dda00000, 0x00000000de9a2ad8, 0x00000000df300000)
  to   space 25600K,   0% used [0x00000000df300000, 0x00000000df300000, 0x00000000e0c00000)
 concurrent mark-sweep generation total 512000K, used 425470K [0x00000000e0c00000, 0x0000000100000000, 0x0000000100000000)
 Metaspace       used 181373K, capacity 191914K, committed 192128K, reserved 1216512K
  class space    used 23638K, capacity 25757K, committed 25764K, reserved 1048576K
Event: 36085.275 GC heap after
Heap after GC invocations=4594 (full 76):
 par new generation   total 230400K, used 16594K [0x00000000d1200000, 0x00000000e0c00000, 0x00000000e0c00000)
  eden space 204800K,   0% used [0x00000000d1200000, 0x00000000d1200000, 0x00000000dda00000)
  from space 25600K,  64% used [0x00000000df300000, 0x00000000e0334880, 0x00000000e0c00000)
  to   space 25600K,   0% used [0x00000000dda00000, 0x00000000dda00000, 0x00000000df300000)
 concurrent mark-sweep generation total 512000K, used 425470K [0x00000000e0c00000, 0x0000000100000000, 0x0000000100000000)
 Metaspace       used 181373K, capacity 191914K, committed 192128K, reserved 1216512K
  class space    used 23638K, capacity 25757K, committed 25764K, reserved 1048576K
}
Event: 36121.453 GC heap before
{Heap before GC invocations=4594 (full 76):
 par new generation   total 230400K, used 221394K [0x00000000d1200000, 0x00000000e0c00000, 0x00000000e0c00000)
  eden space 204800K, 100% used [0x00000000d1200000, 0x00000000dda00000, 0x00000000dda00000)
  from space 25600K,  64% used [0x00000000df300000, 0x00000000e0334880, 0x00000000e0c00000)
  to   space 25600K,   0% used [0x00000000dda00000, 0x00000000dda00000, 0x00000000df300000)
 concurrent mark-sweep generation total 512000K, used 425470K [0x00000000e0c00000, 0x0000000100000000, 0x0000000100000000)
 Metaspace       used 181396K, capacity 191978K, committed 192128K, reserved 1216512K
  class space    used 23638K, capacity 25757K, committed 25764K, reserved 1048576K
Event: 36121.470 GC heap after
Heap after GC invocations=4595 (full 76):
 par new generation   total 230400K, used 15653K [0x00000000d1200000, 0x00000000e0c00000, 0x00000000e0c00000)
  eden space 204800K,   0% used [0x00000000d1200000, 0x00000000d1200000, 0x00000000dda00000)
  from space 25600K,  61% used [0x00000000dda00000, 0x00000000de9495c0, 0x00000000df300000)
  to   space 25600K,   0% used [0x00000000df300000, 0x00000000df300000, 0x00000000e0c00000)
 concurrent mark-sweep generation total 512000K, used 427216K [0x00000000e0c00000, 0x0000000100000000, 0x0000000100000000)
 Metaspace       used 181396K, capacity 191978K, committed 192128K, reserved 1216512K
  class space    used 23638K, capacity 25757K, committed 25764K, reserved 1048576K
}

