# JRE version: OpenJDK Runtime Environment (8.0_112-b03) (build 1.8.0_112-release-287-b3)
# Java VM: OpenJDK 64-Bit Server VM (25.112-b3 mixed mode linux-amd64 compressed oops)
Heap:
 par new generation   total 39296K, used 3524K [0x00000000d1200000, 0x00000000d3ca0000, 0x00000000e0c00000)
  eden space 34944K,   4% used [0x00000000d1200000, 0x00000000d13b31b0, 0x00000000d3420000)
  from space 4352K,  40% used [0x00000000d3860000, 0x00000000d3a1e130, 0x00000000d3ca0000)
  to   space 4352K,   0% used [0x00000000d3420000, 0x00000000d3420000, 0x00000000d3860000)
 concurrent mark-sweep generation total 118976K, used 89743K [0x00000000e0c00000, 0x00000000e8030000, 0x0000000100000000)
 Metaspace       used 116993K, capacity 123353K, committed 123660K, reserved 1155072K
  class space    used 16519K, capacity 18004K, committed 18112K, reserved 1048576K
GC Heap History (10 events):
Event: 2695.091 GC heap before
{Heap before GC invocations=34 (full 5):
 par new generation   total 39296K, used 38445K [0x00000000d1200000, 0x00000000d3ca0000, 0x00000000e0c00000)
  eden space 34944K, 100% used [0x00000000d1200000, 0x00000000d3420000, 0x00000000d3420000)
  from space 4352K,  80% used [0x00000000d3420000, 0x00000000d378b5f8, 0x00000000d3860000)
  to   space 4352K,   0% used [0x00000000d3860000, 0x00000000d3860000, 0x00000000d3ca0000)
 concurrent mark-sweep generation total 118976K, used 88187K [0x00000000e0c00000, 0x00000000e8030000, 0x0000000100000000)
 Metaspace       used 116729K, capacity 123145K, committed 123404K, reserved 1155072K
  class space    used 16493K, capacity 17988K, committed 18112K, reserved 1048576K
Event: 2695.098 GC heap after
Heap after GC invocations=35 (full 5):
 par new generation   total 39296K, used 2419K [0x00000000d1200000, 0x00000000d3ca0000, 0x00000000e0c00000)
  eden space 34944K,   0% used [0x00000000d1200000, 0x00000000d1200000, 0x00000000d3420000)
  from space 4352K,  55% used [0x00000000d3860000, 0x00000000d3abcc48, 0x00000000d3ca0000)
  to   space 4352K,   0% used [0x00000000d3420000, 0x00000000d3420000, 0x00000000d3860000)
 concurrent mark-sweep generation total 118976K, used 88357K [0x00000000e0c00000, 0x00000000e8030000, 0x0000000100000000)
 Metaspace       used 116729K, capacity 123145K, committed 123404K, reserved 1155072K
  class space    used 16493K, capacity 17988K, committed 18112K, reserved 1048576K
}
Event: 3450.384 GC heap before
{Heap before GC invocations=35 (full 5):
 par new generation   total 39296K, used 37363K [0x00000000d1200000, 0x00000000d3ca0000, 0x00000000e0c00000)
  eden space 34944K, 100% used [0x00000000d1200000, 0x00000000d3420000, 0x00000000d3420000)
  from space 4352K,  55% used [0x00000000d3860000, 0x00000000d3abcc48, 0x00000000d3ca0000)
  to   space 4352K,   0% used [0x00000000d3420000, 0x00000000d3420000, 0x00000000d3860000)
 concurrent mark-sweep generation total 118976K, used 88357K [0x00000000e0c00000, 0x00000000e8030000, 0x0000000100000000)
 Metaspace       used 116739K, capacity 123145K, committed 123404K, reserved 1155072K
  class space    used 16494K, capacity 17988K, committed 18112K, reserved 1048576K
Event: 3450.391 GC heap after
Heap after GC invocations=36 (full 5):
 par new generation   total 39296K, used 3148K [0x00000000d1200000, 0x00000000d3ca0000, 0x00000000e0c00000)
  eden space 34944K,   0% used [0x00000000d1200000, 0x00000000d1200000, 0x00000000d3420000)
  from space 4352K,  72% used [0x00000000d3420000, 0x00000000d37332e0, 0x00000000d3860000)
  to   space 4352K,   0% used [0x00000000d3860000, 0x00000000d3860000, 0x00000000d3ca0000)
 concurrent mark-sweep generation total 118976K, used 88377K [0x00000000e0c00000, 0x00000000e8030000, 0x0000000100000000)
 Metaspace       used 116739K, capacity 123145K, committed 123404K, reserved 1155072K
  class space    used 16494K, capacity 17988K, committed 18112K, reserved 1048576K
}
Event: 3827.102 GC heap before
{Heap before GC invocations=36 (full 5):
 par new generation   total 39296K, used 38092K [0x00000000d1200000, 0x00000000d3ca0000, 0x00000000e0c00000)
  eden space 34944K, 100% used [0x00000000d1200000, 0x00000000d3420000, 0x00000000d3420000)
  from space 4352K,  72% used [0x00000000d3420000, 0x00000000d37332e0, 0x00000000d3860000)
  to   space 4352K,   0% used [0x00000000d3860000, 0x00000000d3860000, 0x00000000d3ca0000)
 concurrent mark-sweep generation total 118976K, used 88377K [0x00000000e0c00000, 0x00000000e8030000, 0x0000000100000000)
 Metaspace       used 116872K, capacity 123209K, committed 123404K, reserved 1155072K
  class space    used 16505K, capacity 17988K, committed 18112K, reserved 1048576K
Event: 3827.110 GC heap after
Heap after GC invocations=37 (full 5):
 par new generation   total 39296K, used 2117K [0x00000000d1200000, 0x00000000d3ca0000, 0x00000000e0c00000)
  eden space 34944K,   0% used [0x00000000d1200000, 0x00000000d1200000, 0x00000000d3420000)
  from space 4352K,  48% used [0x00000000d3860000, 0x00000000d3a71400, 0x00000000d3ca0000)
  to   space 4352K,   0% used [0x00000000d3420000, 0x00000000d3420000, 0x00000000d3860000)
 concurrent mark-sweep generation total 118976K, used 89685K [0x00000000e0c00000, 0x00000000e8030000, 0x0000000100000000)
 Metaspace       used 116872K, capacity 123209K, committed 123404K, reserved 1155072K
  class space    used 16505K, capacity 17988K, committed 18112K, reserved 1048576K
}
Event: 4029.713 GC heap before
{Heap before GC invocations=37 (full 5):
 par new generation   total 39296K, used 37061K [0x00000000d1200000, 0x00000000d3ca0000, 0x00000000e0c00000)
  eden space 34944K, 100% used [0x00000000d1200000, 0x00000000d3420000, 0x00000000d3420000)
  from space 4352K,  48% used [0x00000000d3860000, 0x00000000d3a71400, 0x00000000d3ca0000)
  to   space 4352K,   0% used [0x00000000d3420000, 0x00000000d3420000, 0x00000000d3860000)
 concurrent mark-sweep generation total 118976K, used 89685K [0x00000000e0c00000, 0x00000000e8030000, 0x0000000100000000)
 Metaspace       used 116984K, capacity 123353K, committed 123660K, reserved 1155072K
  class space    used 16519K, capacity 18004K, committed 18112K, reserved 1048576K
Event: 4029.723 GC heap after
Heap after GC invocations=38 (full 5):
 par new generation   total 39296K, used 1664K [0x00000000d1200000, 0x00000000d3ca0000, 0x00000000e0c00000)
  eden space 34944K,   0% used [0x00000000d1200000, 0x00000000d1200000, 0x00000000d3420000)
  from space 4352K,  38% used [0x00000000d3420000, 0x00000000d35c0230, 0x00000000d3860000)
  to   space 4352K,   0% used [0x00000000d3860000, 0x00000000d3860000, 0x00000000d3ca0000)
 concurrent mark-sweep generation total 118976K, used 89690K [0x00000000e0c00000, 0x00000000e8030000, 0x0000000100000000)
 Metaspace       used 116984K, capacity 123353K, committed 123660K, reserved 1155072K
  class space    used 16519K, capacity 18004K, committed 18112K, reserved 1048576K
}
Event: 4738.589 GC heap before
{Heap before GC invocations=38 (full 5):
 par new generation   total 39296K, used 36608K [0x00000000d1200000, 0x00000000d3ca0000, 0x00000000e0c00000)
  eden space 34944K, 100% used [0x00000000d1200000, 0x00000000d3420000, 0x00000000d3420000)
  from space 4352K,  38% used [0x00000000d3420000, 0x00000000d35c0230, 0x00000000d3860000)
  to   space 4352K,   0% used [0x00000000d3860000, 0x00000000d3860000, 0x00000000d3ca0000)
 concurrent mark-sweep generation total 118976K, used 89690K [0x00000000e0c00000, 0x00000000e8030000, 0x0000000100000000)
 Metaspace       used 116992K, capacity 123353K, committed 123660K, reserved 1155072K
  class space    used 16519K, capacity 18004K, committed 18112K, reserved 1048576K
Event: 4738.596 GC heap after
Heap after GC invocations=39 (full 5):
 par new generation   total 39296K, used 1784K [0x00000000d1200000, 0x00000000d3ca0000, 0x00000000e0c00000)
  eden space 34944K,   0% used [0x00000000d1200000, 0x00000000d1200000, 0x00000000d3420000)
  from space 4352K,  40% used [0x00000000d3860000, 0x00000000d3a1e130, 0x00000000d3ca0000)
  to   space 4352K,   0% used [0x00000000d3420000, 0x00000000d3420000, 0x00000000d3860000)
 concurrent mark-sweep generation total 118976K, used 89743K [0x00000000e0c00000, 0x00000000e8030000, 0x0000000100000000)
 Metaspace       used 116992K, capacity 123353K, committed 123660K, reserved 1155072K
  class space    used 16519K, capacity 18004K, committed 18112K, reserved 1048576K
}

